<?xml version="1.0" encoding="UTF-8"?>
<!-- Generated by org.testng.reporters.JUnitReportReporter -->
<testsuite hostname="DESKTOP-EQ55Q8H" failures="0" tests="9" name="parallelTesting.parallelTestingWebPage" time="0.368" errors="0" timestamp="2025-06-05T18:42:16 IST" skipped="0">
  <testcase classname="parallelTesting.parallelTestingWebPage" name="logotest" time="0.125"/>
  <testcase classname="parallelTesting.parallelTestingWebPage" name="logotest" time="0.096"/>
  <testcase classname="parallelTesting.parallelTestingWebPage" name="logotest" time="0.070"/>
  <testcase classname="parallelTesting.parallelTestingWebPage" name="pageTitle" time="0.014"/>
  <testcase classname="parallelTesting.parallelTestingWebPage" name="pageTitle" time="0.008"/>
  <testcase classname="parallelTesting.parallelTestingWebPage" name="pageTitle" time="0.017"/>
  <testcase classname="parallelTesting.parallelTestingWebPage" name="url" time="0.016"/>
  <testcase classname="parallelTesting.parallelTestingWebPage" name="url" time="0.014"/>
  <testcase classname="parallelTesting.parallelTestingWebPage" name="url" time="0.008"/>
</testsuite> <!-- parallelTesting.parallelTestingWebPage -->
