<?xml version="1.0" encoding="UTF-8"?>
<!-- Generated by org.testng.reporters.JUnitReportReporter -->
<testsuite hostname="DESKTOP-EQ55Q8H" failures="0" tests="3" name="groupingInTestng.login" time="0.027" errors="0" timestamp="2025-06-04T19:21:04 IST" skipped="0">
  <testcase classname="groupingInTestng.login" name="byGmail" time="0.018"/>
  <testcase classname="groupingInTestng.login" name="byFacebook" time="0.003"/>
  <testcase classname="groupingInTestng.login" name="byAppleID" time="0.006"/>
</testsuite> <!-- groupingInTestng.login -->
