<?xml version="1.0" encoding="UTF-8"?>
<!-- Generated by org.testng.reporters.JUnitReportReporter -->
<testsuite hostname="DESKTOP-EQ55Q8H" failures="0" tests="2" name="groupingInTestng.payment" time="0.009" errors="0" timestamp="2025-06-04T19:21:04 IST" skipped="0">
  <testcase classname="groupingInTestng.payment" name="paymentByRupee" time="0.006"/>
  <testcase classname="groupingInTestng.payment" name="paymentByDollar" time="0.003"/>
</testsuite> <!-- groupingInTestng.payment -->
