<?xml version="1.0" encoding="UTF-8"?>
<!-- Generated by org.testng.reporters.JUnitReportReporter -->
<testsuite hostname="DESKTOP-EQ55Q8H" failures="0" tests="3" name="groupingInTestng.signup" time="0.013" errors="0" timestamp="2025-06-04T19:21:04 IST" skipped="0">
  <testcase classname="groupingInTestng.signup" name="signupByGmail" time="0.003"/>
  <testcase classname="groupingInTestng.signup" name="signupByFacebook" time="0.006"/>
  <testcase classname="groupingInTestng.signup" name="signupByAppleAccount" time="0.004"/>
</testsuite> <!-- groupingInTestng.signup -->
