<?xml version="1.0" encoding="UTF-8"?>
<!-- Generated by org.testng.reporters.JUnitReportReporter -->
<testsuite hostname="DESKTOP-EQ55Q8H" failures="0" tests="1" name="PageObjectDemo.test_Login" time="0.400" errors="0" timestamp="2025-06-06T18:48:51 IST" skipped="0">
  <testcase classname="PageObjectDemo.test_Login" name="testLogin" time="0.400"/>
</testsuite> <!-- PageObjectDemo.test_Login -->
